2023-02-07 17:13:13,081 - mmcls - INFO - Environment info:
------------------------------------------------------------
sys.platform: linux
Python: 3.8.16 (default, Jan 17 2023, 23:13:24) [GCC 11.2.0]
CUDA available: True
GPU 0: NVIDIA GeForce RTX 3090
CUDA_HOME: /data/apps/cuda/11.1
NVCC: Cuda compilation tools, release 11.1, V11.1.74
GCC: gcc (GCC) 7.3.0
PyTorch: 1.10.0+cu111
PyTorch compiling details: PyTorch built with:
  - GCC 7.3
  - C++ Version: 201402
  - Intel(R) Math Kernel Library Version 2020.0.0 Product Build 20191122 for Intel(R) 64 architecture applications
  - Intel(R) MKL-DNN v2.2.3 (Git Hash 7336ca9f055cf1bfa13efb658fe15dc9b41f0740)
  - OpenMP 201511 (a.k.a. OpenMP 4.5)
  - LAPACK is enabled (usually provided by MKL)
  - NNPACK is enabled
  - CPU capability usage: AVX2
  - CUDA Runtime 11.1
  - NVCC architecture flags: -gencode;arch=compute_37,code=sm_37;-gencode;arch=compute_50,code=sm_50;-gencode;arch=compute_60,code=sm_60;-gencode;arch=compute_70,code=sm_70;-gencode;arch=compute_75,code=sm_75;-gencode;arch=compute_80,code=sm_80;-gencode;arch=compute_86,code=sm_86
  - CuDNN 8.0.5
  - Magma 2.5.2
  - Build settings: BLAS_INFO=mkl, BUILD_TYPE=Release, CUDA_VERSION=11.1, CUDNN_VERSION=8.0.5, CXX_COMPILER=/opt/rh/devtoolset-7/root/usr/bin/c++, CXX_FLAGS= -Wno-deprecated -fvisibility-inlines-hidden -DUSE_PTHREADPOOL -fopenmp -DNDEBUG -DUSE_KINETO -DUSE_FBGEMM -DUSE_QNNPACK -DUSE_PYTORCH_QNNPACK -DUSE_XNNPACK -DSYMBOLICATE_MOBILE_DEBUG_HANDLE -DEDGE_PROFILER_USE_KINETO -O2 -fPIC -Wno-narrowing -Wall -Wextra -Werror=return-type -Wno-missing-field-initializers -Wno-type-limits -Wno-array-bounds -Wno-unknown-pragmas -Wno-sign-compare -Wno-unused-parameter -Wno-unused-variable -Wno-unused-function -Wno-unused-result -Wno-unused-local-typedefs -Wno-strict-overflow -Wno-strict-aliasing -Wno-error=deprecated-declarations -Wno-stringop-overflow -Wno-psabi -Wno-error=pedantic -Wno-error=redundant-decls -Wno-error=old-style-cast -fdiagnostics-color=always -faligned-new -Wno-unused-but-set-variable -Wno-maybe-uninitialized -fno-math-errno -fno-trapping-math -Werror=format -Wno-stringop-overflow, LAPACK_INFO=mkl, PERF_WITH_AVX=1, PERF_WITH_AVX2=1, PERF_WITH_AVX512=1, TORCH_VERSION=1.10.0, USE_CUDA=ON, USE_CUDNN=ON, USE_EXCEPTION_PTR=1, USE_GFLAGS=OFF, USE_GLOG=OFF, USE_MKL=ON, USE_MKLDNN=ON, USE_MPI=OFF, USE_NCCL=ON, USE_NNPACK=ON, USE_OPENMP=ON, 

TorchVision: 0.11.0+cu111
OpenCV: 4.7.0
MMCV: 1.7.0
MMCV Compiler: GCC 7.3
MMCV CUDA Compiler: 11.1
MMClassification: 0.25.0+3d4f80d
------------------------------------------------------------

2023-02-07 17:13:13,082 - mmcls - INFO - Distributed training: False
2023-02-07 17:13:13,179 - mmcls - INFO - Config:
model = dict(
    type='ImageClassifier',
    backbone=dict(
        type='ResNet',
        depth=18,
        num_stages=4,
        out_indices=(3, ),
        style='pytorch'),
    neck=dict(type='GlobalAveragePooling'),
    head=dict(
        type='LinearClsHead',
        num_classes=5,
        in_channels=512,
        loss=dict(type='CrossEntropyLoss', loss_weight=1.0),
        topk=(1, )))
dataset_type = 'ImageNet'
img_norm_cfg = dict(
    mean=[123.675, 116.28, 103.53], std=[58.395, 57.12, 57.375], to_rgb=True)
train_pipeline = [
    dict(type='LoadImageFromFile'),
    dict(type='RandomResizedCrop', size=224),
    dict(type='RandomFlip', flip_prob=0.5, direction='horizontal'),
    dict(
        type='Normalize',
        mean=[123.675, 116.28, 103.53],
        std=[58.395, 57.12, 57.375],
        to_rgb=True),
    dict(type='ImageToTensor', keys=['img']),
    dict(type='ToTensor', keys=['gt_label']),
    dict(type='Collect', keys=['img', 'gt_label'])
]
test_pipeline = [
    dict(type='LoadImageFromFile'),
    dict(type='Resize', size=(256, -1)),
    dict(type='CenterCrop', crop_size=224),
    dict(
        type='Normalize',
        mean=[123.675, 116.28, 103.53],
        std=[58.395, 57.12, 57.375],
        to_rgb=True),
    dict(type='ImageToTensor', keys=['img']),
    dict(type='Collect', keys=['img'])
]
data = dict(
    samples_per_gpu=32,
    workers_per_gpu=2,
    train=dict(
        type='ImageNet',
        data_prefix='data/flower_data/train',
        pipeline=[
            dict(type='LoadImageFromFile'),
            dict(type='RandomResizedCrop', size=224),
            dict(type='RandomFlip', flip_prob=0.5, direction='horizontal'),
            dict(
                type='Normalize',
                mean=[123.675, 116.28, 103.53],
                std=[58.395, 57.12, 57.375],
                to_rgb=True),
            dict(type='ImageToTensor', keys=['img']),
            dict(type='ToTensor', keys=['gt_label']),
            dict(type='Collect', keys=['img', 'gt_label'])
        ],
        ann_file='data/flower_data/train.txt',
        classes='data/flower_data/classes.txt'),
    val=dict(
        type='ImageNet',
        data_prefix='data/flower_data/val',
        ann_file='data/flower_data/val.txt',
        pipeline=[
            dict(type='LoadImageFromFile'),
            dict(type='Resize', size=(256, -1)),
            dict(type='CenterCrop', crop_size=224),
            dict(
                type='Normalize',
                mean=[123.675, 116.28, 103.53],
                std=[58.395, 57.12, 57.375],
                to_rgb=True),
            dict(type='ImageToTensor', keys=['img']),
            dict(type='Collect', keys=['img'])
        ],
        classes='data/flower_data/classes.txt'),
    test=dict(
        type='ImageNet',
        data_prefix='data/imagenet/val',
        ann_file='data/imagenet/meta/val.txt',
        pipeline=[
            dict(type='LoadImageFromFile'),
            dict(type='Resize', size=(256, -1)),
            dict(type='CenterCrop', crop_size=224),
            dict(
                type='Normalize',
                mean=[123.675, 116.28, 103.53],
                std=[58.395, 57.12, 57.375],
                to_rgb=True),
            dict(type='ImageToTensor', keys=['img']),
            dict(type='Collect', keys=['img'])
        ]))
evaluation = dict(interval=1, metric='accuracy')
checkpoint_config = dict(interval=1)
log_config = dict(interval=100, hooks=[dict(type='TextLoggerHook')])
dist_params = dict(backend='nccl')
log_level = 'INFO'
load_from = '/HOME/scz0ato/run/mmclassification/checkpoints/resnet18_batch256_imagenet_20200708-34ab8f90.pth'
resume_from = None
workflow = [('train', 1)]
optimizer = dict(type='SGD', lr=0.001, momentum=0.9, weight_decay=0.0001)
optimizer_config = dict(grad_clip=None)
lr_config = dict(policy='step', step=[1])
runner = dict(type='EpochBasedRunner', max_epochs=100)
work_dir = 'work/resnet18_b32_flower'
gpu_ids = [0]

2023-02-07 17:13:13,181 - mmcls - INFO - Set random seed to 1639006690, deterministic: False
2023-02-07 17:13:13,273 - mmcls - INFO - initialize ResNet with init_cfg [{'type': 'Kaiming', 'layer': ['Conv2d']}, {'type': 'Constant', 'val': 1, 'layer': ['_BatchNorm', 'GroupNorm']}]
2023-02-07 17:13:13,363 - mmcls - INFO - initialize LinearClsHead with init_cfg {'type': 'Normal', 'layer': 'Linear', 'std': 0.01}
Name of parameter - Initialization information

backbone.conv1.weight - torch.Size([64, 3, 7, 7]): 
KaimingInit: a=0, mode=fan_out, nonlinearity=relu, distribution =normal, bias=0 

backbone.bn1.weight - torch.Size([64]): 
The value is the same before and after calling `init_weights` of ImageClassifier  

backbone.bn1.bias - torch.Size([64]): 
The value is the same before and after calling `init_weights` of ImageClassifier  

backbone.layer1.0.conv1.weight - torch.Size([64, 64, 3, 3]): 
KaimingInit: a=0, mode=fan_out, nonlinearity=relu, distribution =normal, bias=0 

backbone.layer1.0.bn1.weight - torch.Size([64]): 
The value is the same before and after calling `init_weights` of ImageClassifier  

backbone.layer1.0.bn1.bias - torch.Size([64]): 
The value is the same before and after calling `init_weights` of ImageClassifier  

backbone.layer1.0.conv2.weight - torch.Size([64, 64, 3, 3]): 
KaimingInit: a=0, mode=fan_out, nonlinearity=relu, distribution =normal, bias=0 

backbone.layer1.0.bn2.weight - torch.Size([64]): 
Initialized by user-defined `init_weights` in ResNet  

backbone.layer1.0.bn2.bias - torch.Size([64]): 
The value is the same before and after calling `init_weights` of ImageClassifier  

backbone.layer1.1.conv1.weight - torch.Size([64, 64, 3, 3]): 
KaimingInit: a=0, mode=fan_out, nonlinearity=relu, distribution =normal, bias=0 

backbone.layer1.1.bn1.weight - torch.Size([64]): 
The value is the same before and after calling `init_weights` of ImageClassifier  

backbone.layer1.1.bn1.bias - torch.Size([64]): 
The value is the same before and after calling `init_weights` of ImageClassifier  

backbone.layer1.1.conv2.weight - torch.Size([64, 64, 3, 3]): 
KaimingInit: a=0, mode=fan_out, nonlinearity=relu, distribution =normal, bias=0 

backbone.layer1.1.bn2.weight - torch.Size([64]): 
Initialized by user-defined `init_weights` in ResNet  

backbone.layer1.1.bn2.bias - torch.Size([64]): 
The value is the same before and after calling `init_weights` of ImageClassifier  

backbone.layer2.0.conv1.weight - torch.Size([128, 64, 3, 3]): 
KaimingInit: a=0, mode=fan_out, nonlinearity=relu, distribution =normal, bias=0 

backbone.layer2.0.bn1.weight - torch.Size([128]): 
The value is the same before and after calling `init_weights` of ImageClassifier  

backbone.layer2.0.bn1.bias - torch.Size([128]): 
The value is the same before and after calling `init_weights` of ImageClassifier  

backbone.layer2.0.conv2.weight - torch.Size([128, 128, 3, 3]): 
KaimingInit: a=0, mode=fan_out, nonlinearity=relu, distribution =normal, bias=0 

backbone.layer2.0.bn2.weight - torch.Size([128]): 
Initialized by user-defined `init_weights` in ResNet  

backbone.layer2.0.bn2.bias - torch.Size([128]): 
The value is the same before and after calling `init_weights` of ImageClassifier  

backbone.layer2.0.downsample.0.weight - torch.Size([128, 64, 1, 1]): 
KaimingInit: a=0, mode=fan_out, nonlinearity=relu, distribution =normal, bias=0 

backbone.layer2.0.downsample.1.weight - torch.Size([128]): 
The value is the same before and after calling `init_weights` of ImageClassifier  

backbone.layer2.0.downsample.1.bias - torch.Size([128]): 
The value is the same before and after calling `init_weights` of ImageClassifier  

backbone.layer2.1.conv1.weight - torch.Size([128, 128, 3, 3]): 
KaimingInit: a=0, mode=fan_out, nonlinearity=relu, distribution =normal, bias=0 

backbone.layer2.1.bn1.weight - torch.Size([128]): 
The value is the same before and after calling `init_weights` of ImageClassifier  

backbone.layer2.1.bn1.bias - torch.Size([128]): 
The value is the same before and after calling `init_weights` of ImageClassifier  

backbone.layer2.1.conv2.weight - torch.Size([128, 128, 3, 3]): 
KaimingInit: a=0, mode=fan_out, nonlinearity=relu, distribution =normal, bias=0 

backbone.layer2.1.bn2.weight - torch.Size([128]): 
Initialized by user-defined `init_weights` in ResNet  

backbone.layer2.1.bn2.bias - torch.Size([128]): 
The value is the same before and after calling `init_weights` of ImageClassifier  

backbone.layer3.0.conv1.weight - torch.Size([256, 128, 3, 3]): 
KaimingInit: a=0, mode=fan_out, nonlinearity=relu, distribution =normal, bias=0 

backbone.layer3.0.bn1.weight - torch.Size([256]): 
The value is the same before and after calling `init_weights` of ImageClassifier  

backbone.layer3.0.bn1.bias - torch.Size([256]): 
The value is the same before and after calling `init_weights` of ImageClassifier  

backbone.layer3.0.conv2.weight - torch.Size([256, 256, 3, 3]): 
KaimingInit: a=0, mode=fan_out, nonlinearity=relu, distribution =normal, bias=0 

backbone.layer3.0.bn2.weight - torch.Size([256]): 
Initialized by user-defined `init_weights` in ResNet  

backbone.layer3.0.bn2.bias - torch.Size([256]): 
The value is the same before and after calling `init_weights` of ImageClassifier  

backbone.layer3.0.downsample.0.weight - torch.Size([256, 128, 1, 1]): 
KaimingInit: a=0, mode=fan_out, nonlinearity=relu, distribution =normal, bias=0 

backbone.layer3.0.downsample.1.weight - torch.Size([256]): 
The value is the same before and after calling `init_weights` of ImageClassifier  

backbone.layer3.0.downsample.1.bias - torch.Size([256]): 
The value is the same before and after calling `init_weights` of ImageClassifier  

backbone.layer3.1.conv1.weight - torch.Size([256, 256, 3, 3]): 
KaimingInit: a=0, mode=fan_out, nonlinearity=relu, distribution =normal, bias=0 

backbone.layer3.1.bn1.weight - torch.Size([256]): 
The value is the same before and after calling `init_weights` of ImageClassifier  

backbone.layer3.1.bn1.bias - torch.Size([256]): 
The value is the same before and after calling `init_weights` of ImageClassifier  

backbone.layer3.1.conv2.weight - torch.Size([256, 256, 3, 3]): 
KaimingInit: a=0, mode=fan_out, nonlinearity=relu, distribution =normal, bias=0 

backbone.layer3.1.bn2.weight - torch.Size([256]): 
Initialized by user-defined `init_weights` in ResNet  

backbone.layer3.1.bn2.bias - torch.Size([256]): 
The value is the same before and after calling `init_weights` of ImageClassifier  

backbone.layer4.0.conv1.weight - torch.Size([512, 256, 3, 3]): 
KaimingInit: a=0, mode=fan_out, nonlinearity=relu, distribution =normal, bias=0 

backbone.layer4.0.bn1.weight - torch.Size([512]): 
The value is the same before and after calling `init_weights` of ImageClassifier  

backbone.layer4.0.bn1.bias - torch.Size([512]): 
The value is the same before and after calling `init_weights` of ImageClassifier  

backbone.layer4.0.conv2.weight - torch.Size([512, 512, 3, 3]): 
KaimingInit: a=0, mode=fan_out, nonlinearity=relu, distribution =normal, bias=0 

backbone.layer4.0.bn2.weight - torch.Size([512]): 
Initialized by user-defined `init_weights` in ResNet  

backbone.layer4.0.bn2.bias - torch.Size([512]): 
The value is the same before and after calling `init_weights` of ImageClassifier  

backbone.layer4.0.downsample.0.weight - torch.Size([512, 256, 1, 1]): 
KaimingInit: a=0, mode=fan_out, nonlinearity=relu, distribution =normal, bias=0 

backbone.layer4.0.downsample.1.weight - torch.Size([512]): 
The value is the same before and after calling `init_weights` of ImageClassifier  

backbone.layer4.0.downsample.1.bias - torch.Size([512]): 
The value is the same before and after calling `init_weights` of ImageClassifier  

backbone.layer4.1.conv1.weight - torch.Size([512, 512, 3, 3]): 
KaimingInit: a=0, mode=fan_out, nonlinearity=relu, distribution =normal, bias=0 

backbone.layer4.1.bn1.weight - torch.Size([512]): 
The value is the same before and after calling `init_weights` of ImageClassifier  

backbone.layer4.1.bn1.bias - torch.Size([512]): 
The value is the same before and after calling `init_weights` of ImageClassifier  

backbone.layer4.1.conv2.weight - torch.Size([512, 512, 3, 3]): 
KaimingInit: a=0, mode=fan_out, nonlinearity=relu, distribution =normal, bias=0 

backbone.layer4.1.bn2.weight - torch.Size([512]): 
Initialized by user-defined `init_weights` in ResNet  

backbone.layer4.1.bn2.bias - torch.Size([512]): 
The value is the same before and after calling `init_weights` of ImageClassifier  

head.fc.weight - torch.Size([5, 512]): 
NormalInit: mean=0, std=0.01, bias=0 

head.fc.bias - torch.Size([5]): 
NormalInit: mean=0, std=0.01, bias=0 
2023-02-07 17:13:18,611 - mmcls - INFO - load checkpoint from local path: /HOME/scz0ato/run/mmclassification/checkpoints/resnet18_batch256_imagenet_20200708-34ab8f90.pth
2023-02-07 17:13:18,691 - mmcls - WARNING - The model and loaded state dict do not match exactly

size mismatch for head.fc.weight: copying a param with shape torch.Size([1000, 512]) from checkpoint, the shape in current model is torch.Size([5, 512]).
size mismatch for head.fc.bias: copying a param with shape torch.Size([1000]) from checkpoint, the shape in current model is torch.Size([5]).
2023-02-07 17:13:18,691 - mmcls - INFO - Start running, host: scz0ato@g0098, work_dir: /data/run01/scz0ato/mmclassification/work/resnet18_b32_flower
2023-02-07 17:13:18,692 - mmcls - INFO - Hooks will be executed in the following order:
before_run:
(VERY_HIGH   ) StepLrUpdaterHook                  
(NORMAL      ) CheckpointHook                     
(LOW         ) EvalHook                           
(VERY_LOW    ) TextLoggerHook                     
 -------------------- 
before_train_epoch:
(VERY_HIGH   ) StepLrUpdaterHook                  
(LOW         ) IterTimerHook                      
(LOW         ) EvalHook                           
(VERY_LOW    ) TextLoggerHook                     
 -------------------- 
before_train_iter:
(VERY_HIGH   ) StepLrUpdaterHook                  
(LOW         ) IterTimerHook                      
(LOW         ) EvalHook                           
 -------------------- 
after_train_iter:
(ABOVE_NORMAL) OptimizerHook                      
(NORMAL      ) CheckpointHook                     
(LOW         ) IterTimerHook                      
(LOW         ) EvalHook                           
(VERY_LOW    ) TextLoggerHook                     
 -------------------- 
after_train_epoch:
(NORMAL      ) CheckpointHook                     
(LOW         ) EvalHook                           
(VERY_LOW    ) TextLoggerHook                     
 -------------------- 
before_val_epoch:
(LOW         ) IterTimerHook                      
(VERY_LOW    ) TextLoggerHook                     
 -------------------- 
before_val_iter:
(LOW         ) IterTimerHook                      
 -------------------- 
after_val_iter:
(LOW         ) IterTimerHook                      
 -------------------- 
after_val_epoch:
(VERY_LOW    ) TextLoggerHook                     
 -------------------- 
after_run:
(VERY_LOW    ) TextLoggerHook                     
 -------------------- 
2023-02-07 17:13:18,692 - mmcls - INFO - workflow: [('train', 1)], max: 100 epochs
2023-02-07 17:13:18,692 - mmcls - INFO - Checkpoints will be saved to /data/run01/scz0ato/mmclassification/work/resnet18_b32_flower by HardDiskBackend.
2023-02-07 17:13:48,283 - mmcls - INFO - Saving checkpoint at 1 epochs
2023-02-07 17:13:57,360 - mmcls - INFO - Epoch(val) [1][18]	accuracy_top-1: 92.3077, accuracy_top-5: 100.0000
2023-02-07 17:14:02,810 - mmcls - INFO - Saving checkpoint at 2 epochs
2023-02-07 17:14:03,770 - mmcls - INFO - Epoch(val) [2][18]	accuracy_top-1: 93.1818, accuracy_top-5: 100.0000
2023-02-07 17:14:09,204 - mmcls - INFO - Saving checkpoint at 3 epochs
2023-02-07 17:14:10,163 - mmcls - INFO - Epoch(val) [3][18]	accuracy_top-1: 93.3566, accuracy_top-5: 100.0000
2023-02-07 17:14:15,550 - mmcls - INFO - Saving checkpoint at 4 epochs
2023-02-07 17:14:16,504 - mmcls - INFO - Epoch(val) [4][18]	accuracy_top-1: 92.8322, accuracy_top-5: 100.0000
2023-02-07 17:14:21,936 - mmcls - INFO - Saving checkpoint at 5 epochs
2023-02-07 17:14:22,900 - mmcls - INFO - Epoch(val) [5][18]	accuracy_top-1: 92.6573, accuracy_top-5: 100.0000
2023-02-07 17:14:28,325 - mmcls - INFO - Saving checkpoint at 6 epochs
2023-02-07 17:14:29,297 - mmcls - INFO - Epoch(val) [6][18]	accuracy_top-1: 94.2308, accuracy_top-5: 100.0000
2023-02-07 17:14:34,723 - mmcls - INFO - Saving checkpoint at 7 epochs
2023-02-07 17:14:35,680 - mmcls - INFO - Epoch(val) [7][18]	accuracy_top-1: 93.7063, accuracy_top-5: 100.0000
2023-02-07 17:14:41,136 - mmcls - INFO - Saving checkpoint at 8 epochs
2023-02-07 17:14:42,100 - mmcls - INFO - Epoch(val) [8][18]	accuracy_top-1: 94.4056, accuracy_top-5: 100.0000
2023-02-07 17:14:47,494 - mmcls - INFO - Saving checkpoint at 9 epochs
2023-02-07 17:14:48,444 - mmcls - INFO - Epoch(val) [9][18]	accuracy_top-1: 94.2308, accuracy_top-5: 100.0000
2023-02-07 17:14:53,869 - mmcls - INFO - Saving checkpoint at 10 epochs
2023-02-07 17:14:54,826 - mmcls - INFO - Epoch(val) [10][18]	accuracy_top-1: 94.2308, accuracy_top-5: 100.0000
2023-02-07 17:15:00,224 - mmcls - INFO - Saving checkpoint at 11 epochs
2023-02-07 17:15:01,181 - mmcls - INFO - Epoch(val) [11][18]	accuracy_top-1: 94.4056, accuracy_top-5: 100.0000
2023-02-07 17:15:06,625 - mmcls - INFO - Saving checkpoint at 12 epochs
2023-02-07 17:15:07,593 - mmcls - INFO - Epoch(val) [12][18]	accuracy_top-1: 94.2308, accuracy_top-5: 100.0000
2023-02-07 17:15:13,015 - mmcls - INFO - Saving checkpoint at 13 epochs
2023-02-07 17:15:13,981 - mmcls - INFO - Epoch(val) [13][18]	accuracy_top-1: 94.7552, accuracy_top-5: 100.0000
2023-02-07 17:15:19,409 - mmcls - INFO - Saving checkpoint at 14 epochs
2023-02-07 17:15:20,372 - mmcls - INFO - Epoch(val) [14][18]	accuracy_top-1: 94.7552, accuracy_top-5: 100.0000
2023-02-07 17:15:25,793 - mmcls - INFO - Saving checkpoint at 15 epochs
2023-02-07 17:15:26,758 - mmcls - INFO - Epoch(val) [15][18]	accuracy_top-1: 94.0559, accuracy_top-5: 100.0000
2023-02-07 17:15:32,216 - mmcls - INFO - Saving checkpoint at 16 epochs
2023-02-07 17:15:33,173 - mmcls - INFO - Epoch(val) [16][18]	accuracy_top-1: 94.4056, accuracy_top-5: 100.0000
2023-02-07 17:15:38,612 - mmcls - INFO - Saving checkpoint at 17 epochs
2023-02-07 17:15:39,579 - mmcls - INFO - Epoch(val) [17][18]	accuracy_top-1: 94.4056, accuracy_top-5: 100.0000
2023-02-07 17:15:45,036 - mmcls - INFO - Saving checkpoint at 18 epochs
2023-02-07 17:15:46,000 - mmcls - INFO - Epoch(val) [18][18]	accuracy_top-1: 94.0559, accuracy_top-5: 100.0000
2023-02-07 17:15:51,465 - mmcls - INFO - Saving checkpoint at 19 epochs
2023-02-07 17:15:52,434 - mmcls - INFO - Epoch(val) [19][18]	accuracy_top-1: 94.7552, accuracy_top-5: 100.0000
2023-02-07 17:15:57,826 - mmcls - INFO - Saving checkpoint at 20 epochs
2023-02-07 17:15:58,792 - mmcls - INFO - Epoch(val) [20][18]	accuracy_top-1: 94.5804, accuracy_top-5: 100.0000
2023-02-07 17:16:04,228 - mmcls - INFO - Saving checkpoint at 21 epochs
2023-02-07 17:16:05,189 - mmcls - INFO - Epoch(val) [21][18]	accuracy_top-1: 95.1049, accuracy_top-5: 100.0000
2023-02-07 17:16:10,702 - mmcls - INFO - Saving checkpoint at 22 epochs
2023-02-07 17:16:11,672 - mmcls - INFO - Epoch(val) [22][18]	accuracy_top-1: 94.5804, accuracy_top-5: 100.0000
2023-02-07 17:16:17,059 - mmcls - INFO - Saving checkpoint at 23 epochs
2023-02-07 17:16:18,014 - mmcls - INFO - Epoch(val) [23][18]	accuracy_top-1: 94.9301, accuracy_top-5: 100.0000
2023-02-07 17:16:23,452 - mmcls - INFO - Saving checkpoint at 24 epochs
2023-02-07 17:16:24,420 - mmcls - INFO - Epoch(val) [24][18]	accuracy_top-1: 95.4545, accuracy_top-5: 100.0000
2023-02-07 17:16:29,855 - mmcls - INFO - Saving checkpoint at 25 epochs
2023-02-07 17:16:30,811 - mmcls - INFO - Epoch(val) [25][18]	accuracy_top-1: 95.2797, accuracy_top-5: 100.0000
2023-02-07 17:16:36,246 - mmcls - INFO - Saving checkpoint at 26 epochs
2023-02-07 17:16:37,208 - mmcls - INFO - Epoch(val) [26][18]	accuracy_top-1: 95.4545, accuracy_top-5: 100.0000
2023-02-07 17:16:42,700 - mmcls - INFO - Saving checkpoint at 27 epochs
2023-02-07 17:16:43,657 - mmcls - INFO - Epoch(val) [27][18]	accuracy_top-1: 95.1049, accuracy_top-5: 100.0000
2023-02-07 17:16:49,100 - mmcls - INFO - Saving checkpoint at 28 epochs
2023-02-07 17:16:50,068 - mmcls - INFO - Epoch(val) [28][18]	accuracy_top-1: 95.2797, accuracy_top-5: 100.0000
2023-02-07 17:16:55,465 - mmcls - INFO - Saving checkpoint at 29 epochs
2023-02-07 17:16:56,429 - mmcls - INFO - Epoch(val) [29][18]	accuracy_top-1: 95.2797, accuracy_top-5: 100.0000
2023-02-07 17:17:01,926 - mmcls - INFO - Saving checkpoint at 30 epochs
2023-02-07 17:17:02,887 - mmcls - INFO - Epoch(val) [30][18]	accuracy_top-1: 95.2797, accuracy_top-5: 100.0000
2023-02-07 17:17:08,309 - mmcls - INFO - Saving checkpoint at 31 epochs
2023-02-07 17:17:09,279 - mmcls - INFO - Epoch(val) [31][18]	accuracy_top-1: 95.6294, accuracy_top-5: 100.0000
2023-02-07 17:17:14,712 - mmcls - INFO - Saving checkpoint at 32 epochs
2023-02-07 17:17:15,681 - mmcls - INFO - Epoch(val) [32][18]	accuracy_top-1: 95.2797, accuracy_top-5: 100.0000
2023-02-07 17:17:21,152 - mmcls - INFO - Saving checkpoint at 33 epochs
2023-02-07 17:17:22,124 - mmcls - INFO - Epoch(val) [33][18]	accuracy_top-1: 95.1049, accuracy_top-5: 100.0000
2023-02-07 17:17:27,564 - mmcls - INFO - Saving checkpoint at 34 epochs
2023-02-07 17:17:28,521 - mmcls - INFO - Epoch(val) [34][18]	accuracy_top-1: 95.4545, accuracy_top-5: 100.0000
2023-02-07 17:17:33,963 - mmcls - INFO - Saving checkpoint at 35 epochs
2023-02-07 17:17:34,927 - mmcls - INFO - Epoch(val) [35][18]	accuracy_top-1: 95.8042, accuracy_top-5: 100.0000
2023-02-07 17:17:40,370 - mmcls - INFO - Saving checkpoint at 36 epochs
2023-02-07 17:17:41,331 - mmcls - INFO - Epoch(val) [36][18]	accuracy_top-1: 95.1049, accuracy_top-5: 100.0000
2023-02-07 17:17:46,769 - mmcls - INFO - Saving checkpoint at 37 epochs
2023-02-07 17:17:47,724 - mmcls - INFO - Epoch(val) [37][18]	accuracy_top-1: 95.2797, accuracy_top-5: 100.0000
2023-02-07 17:17:53,183 - mmcls - INFO - Saving checkpoint at 38 epochs
2023-02-07 17:17:54,151 - mmcls - INFO - Epoch(val) [38][18]	accuracy_top-1: 95.2797, accuracy_top-5: 100.0000
2023-02-07 17:17:59,549 - mmcls - INFO - Saving checkpoint at 39 epochs
2023-02-07 17:18:00,514 - mmcls - INFO - Epoch(val) [39][18]	accuracy_top-1: 95.6294, accuracy_top-5: 100.0000
2023-02-07 17:18:05,922 - mmcls - INFO - Saving checkpoint at 40 epochs
2023-02-07 17:18:06,892 - mmcls - INFO - Epoch(val) [40][18]	accuracy_top-1: 95.6294, accuracy_top-5: 100.0000
2023-02-07 17:18:12,299 - mmcls - INFO - Saving checkpoint at 41 epochs
2023-02-07 17:18:13,263 - mmcls - INFO - Epoch(val) [41][18]	accuracy_top-1: 95.2797, accuracy_top-5: 100.0000
2023-02-07 17:18:18,728 - mmcls - INFO - Saving checkpoint at 42 epochs
2023-02-07 17:18:19,687 - mmcls - INFO - Epoch(val) [42][18]	accuracy_top-1: 95.6294, accuracy_top-5: 100.0000
2023-02-07 17:18:25,095 - mmcls - INFO - Saving checkpoint at 43 epochs
2023-02-07 17:18:26,062 - mmcls - INFO - Epoch(val) [43][18]	accuracy_top-1: 95.4545, accuracy_top-5: 100.0000
2023-02-07 17:18:31,537 - mmcls - INFO - Saving checkpoint at 44 epochs
2023-02-07 17:18:32,514 - mmcls - INFO - Epoch(val) [44][18]	accuracy_top-1: 95.4545, accuracy_top-5: 100.0000
2023-02-07 17:18:37,971 - mmcls - INFO - Saving checkpoint at 45 epochs
2023-02-07 17:18:38,951 - mmcls - INFO - Epoch(val) [45][18]	accuracy_top-1: 95.8042, accuracy_top-5: 100.0000
2023-02-07 17:18:44,374 - mmcls - INFO - Saving checkpoint at 46 epochs
2023-02-07 17:18:45,350 - mmcls - INFO - Epoch(val) [46][18]	accuracy_top-1: 95.4545, accuracy_top-5: 100.0000
2023-02-07 17:18:50,774 - mmcls - INFO - Saving checkpoint at 47 epochs
2023-02-07 17:18:51,762 - mmcls - INFO - Epoch(val) [47][18]	accuracy_top-1: 95.8042, accuracy_top-5: 100.0000
2023-02-07 17:18:57,188 - mmcls - INFO - Saving checkpoint at 48 epochs
2023-02-07 17:18:58,151 - mmcls - INFO - Epoch(val) [48][18]	accuracy_top-1: 95.4545, accuracy_top-5: 100.0000
2023-02-07 17:19:03,550 - mmcls - INFO - Saving checkpoint at 49 epochs
2023-02-07 17:19:04,516 - mmcls - INFO - Epoch(val) [49][18]	accuracy_top-1: 95.2797, accuracy_top-5: 100.0000
2023-02-07 17:19:09,930 - mmcls - INFO - Saving checkpoint at 50 epochs
2023-02-07 17:19:10,890 - mmcls - INFO - Epoch(val) [50][18]	accuracy_top-1: 94.9301, accuracy_top-5: 100.0000
2023-02-07 17:19:16,301 - mmcls - INFO - Saving checkpoint at 51 epochs
2023-02-07 17:19:17,265 - mmcls - INFO - Epoch(val) [51][18]	accuracy_top-1: 95.6294, accuracy_top-5: 100.0000
2023-02-07 17:19:22,675 - mmcls - INFO - Saving checkpoint at 52 epochs
2023-02-07 17:19:23,629 - mmcls - INFO - Epoch(val) [52][18]	accuracy_top-1: 95.9790, accuracy_top-5: 100.0000
2023-02-07 17:19:29,062 - mmcls - INFO - Saving checkpoint at 53 epochs
2023-02-07 17:19:30,008 - mmcls - INFO - Epoch(val) [53][18]	accuracy_top-1: 95.6294, accuracy_top-5: 100.0000
2023-02-07 17:19:35,363 - mmcls - INFO - Saving checkpoint at 54 epochs
2023-02-07 17:19:36,326 - mmcls - INFO - Epoch(val) [54][18]	accuracy_top-1: 95.8042, accuracy_top-5: 100.0000
2023-02-07 17:19:41,749 - mmcls - INFO - Saving checkpoint at 55 epochs
2023-02-07 17:19:42,708 - mmcls - INFO - Epoch(val) [55][18]	accuracy_top-1: 95.4545, accuracy_top-5: 100.0000
2023-02-07 17:19:48,138 - mmcls - INFO - Saving checkpoint at 56 epochs
2023-02-07 17:19:49,098 - mmcls - INFO - Epoch(val) [56][18]	accuracy_top-1: 95.6294, accuracy_top-5: 100.0000
2023-02-07 17:19:54,501 - mmcls - INFO - Saving checkpoint at 57 epochs
2023-02-07 17:19:55,460 - mmcls - INFO - Epoch(val) [57][18]	accuracy_top-1: 95.6294, accuracy_top-5: 100.0000
2023-02-07 17:20:00,888 - mmcls - INFO - Saving checkpoint at 58 epochs
2023-02-07 17:20:01,854 - mmcls - INFO - Epoch(val) [58][18]	accuracy_top-1: 95.2797, accuracy_top-5: 100.0000
2023-02-07 17:20:07,308 - mmcls - INFO - Saving checkpoint at 59 epochs
2023-02-07 17:20:08,265 - mmcls - INFO - Epoch(val) [59][18]	accuracy_top-1: 95.6294, accuracy_top-5: 100.0000
2023-02-07 17:20:13,685 - mmcls - INFO - Saving checkpoint at 60 epochs
2023-02-07 17:20:14,641 - mmcls - INFO - Epoch(val) [60][18]	accuracy_top-1: 95.6294, accuracy_top-5: 100.0000
2023-02-07 17:20:20,013 - mmcls - INFO - Saving checkpoint at 61 epochs
2023-02-07 17:20:20,970 - mmcls - INFO - Epoch(val) [61][18]	accuracy_top-1: 95.4545, accuracy_top-5: 100.0000
2023-02-07 17:20:26,366 - mmcls - INFO - Saving checkpoint at 62 epochs
2023-02-07 17:20:27,317 - mmcls - INFO - Epoch(val) [62][18]	accuracy_top-1: 95.6294, accuracy_top-5: 100.0000
2023-02-07 17:20:32,713 - mmcls - INFO - Saving checkpoint at 63 epochs
2023-02-07 17:20:33,672 - mmcls - INFO - Epoch(val) [63][18]	accuracy_top-1: 94.9301, accuracy_top-5: 100.0000
2023-02-07 17:20:39,123 - mmcls - INFO - Saving checkpoint at 64 epochs
2023-02-07 17:20:40,089 - mmcls - INFO - Epoch(val) [64][18]	accuracy_top-1: 95.1049, accuracy_top-5: 100.0000
2023-02-07 17:20:45,512 - mmcls - INFO - Saving checkpoint at 65 epochs
2023-02-07 17:20:46,474 - mmcls - INFO - Epoch(val) [65][18]	accuracy_top-1: 95.4545, accuracy_top-5: 100.0000
2023-02-07 17:20:51,862 - mmcls - INFO - Saving checkpoint at 66 epochs
2023-02-07 17:20:52,822 - mmcls - INFO - Epoch(val) [66][18]	accuracy_top-1: 95.4545, accuracy_top-5: 100.0000
2023-02-07 17:20:58,222 - mmcls - INFO - Saving checkpoint at 67 epochs
2023-02-07 17:20:59,175 - mmcls - INFO - Epoch(val) [67][18]	accuracy_top-1: 95.2797, accuracy_top-5: 100.0000
2023-02-07 17:21:04,572 - mmcls - INFO - Saving checkpoint at 68 epochs
2023-02-07 17:21:05,531 - mmcls - INFO - Epoch(val) [68][18]	accuracy_top-1: 95.8042, accuracy_top-5: 100.0000
2023-02-07 17:21:10,954 - mmcls - INFO - Saving checkpoint at 69 epochs
2023-02-07 17:21:11,908 - mmcls - INFO - Epoch(val) [69][18]	accuracy_top-1: 95.4545, accuracy_top-5: 100.0000
2023-02-07 17:21:17,314 - mmcls - INFO - Saving checkpoint at 70 epochs
2023-02-07 17:21:18,278 - mmcls - INFO - Epoch(val) [70][18]	accuracy_top-1: 95.9790, accuracy_top-5: 100.0000
2023-02-07 17:21:23,686 - mmcls - INFO - Saving checkpoint at 71 epochs
2023-02-07 17:21:24,646 - mmcls - INFO - Epoch(val) [71][18]	accuracy_top-1: 95.2797, accuracy_top-5: 100.0000
2023-02-07 17:21:30,014 - mmcls - INFO - Saving checkpoint at 72 epochs
2023-02-07 17:21:30,970 - mmcls - INFO - Epoch(val) [72][18]	accuracy_top-1: 95.8042, accuracy_top-5: 100.0000
2023-02-07 17:21:36,340 - mmcls - INFO - Saving checkpoint at 73 epochs
2023-02-07 17:21:37,302 - mmcls - INFO - Epoch(val) [73][18]	accuracy_top-1: 95.9790, accuracy_top-5: 100.0000
2023-02-07 17:21:42,677 - mmcls - INFO - Saving checkpoint at 74 epochs
2023-02-07 17:21:43,629 - mmcls - INFO - Epoch(val) [74][18]	accuracy_top-1: 96.3287, accuracy_top-5: 100.0000
2023-02-07 17:21:48,993 - mmcls - INFO - Saving checkpoint at 75 epochs
2023-02-07 17:21:49,948 - mmcls - INFO - Epoch(val) [75][18]	accuracy_top-1: 95.4545, accuracy_top-5: 100.0000
2023-02-07 17:21:55,360 - mmcls - INFO - Saving checkpoint at 76 epochs
2023-02-07 17:21:56,312 - mmcls - INFO - Epoch(val) [76][18]	accuracy_top-1: 96.3287, accuracy_top-5: 100.0000
2023-02-07 17:22:01,687 - mmcls - INFO - Saving checkpoint at 77 epochs
2023-02-07 17:22:02,641 - mmcls - INFO - Epoch(val) [77][18]	accuracy_top-1: 95.9790, accuracy_top-5: 100.0000
2023-02-07 17:22:08,052 - mmcls - INFO - Saving checkpoint at 78 epochs
2023-02-07 17:22:09,001 - mmcls - INFO - Epoch(val) [78][18]	accuracy_top-1: 95.6294, accuracy_top-5: 100.0000
2023-02-07 17:22:14,419 - mmcls - INFO - Saving checkpoint at 79 epochs
2023-02-07 17:22:15,371 - mmcls - INFO - Epoch(val) [79][18]	accuracy_top-1: 96.1538, accuracy_top-5: 100.0000
2023-02-07 17:22:20,818 - mmcls - INFO - Saving checkpoint at 80 epochs
2023-02-07 17:22:21,782 - mmcls - INFO - Epoch(val) [80][18]	accuracy_top-1: 95.8042, accuracy_top-5: 100.0000
2023-02-07 17:22:27,185 - mmcls - INFO - Saving checkpoint at 81 epochs
2023-02-07 17:22:28,141 - mmcls - INFO - Epoch(val) [81][18]	accuracy_top-1: 95.8042, accuracy_top-5: 100.0000
2023-02-07 17:22:33,566 - mmcls - INFO - Saving checkpoint at 82 epochs
2023-02-07 17:22:34,521 - mmcls - INFO - Epoch(val) [82][18]	accuracy_top-1: 95.6294, accuracy_top-5: 100.0000
2023-02-07 17:22:39,934 - mmcls - INFO - Saving checkpoint at 83 epochs
2023-02-07 17:22:40,900 - mmcls - INFO - Epoch(val) [83][18]	accuracy_top-1: 95.9790, accuracy_top-5: 100.0000
2023-02-07 17:22:46,298 - mmcls - INFO - Saving checkpoint at 84 epochs
2023-02-07 17:22:47,250 - mmcls - INFO - Epoch(val) [84][18]	accuracy_top-1: 95.6294, accuracy_top-5: 100.0000
2023-02-07 17:22:52,672 - mmcls - INFO - Saving checkpoint at 85 epochs
2023-02-07 17:22:53,627 - mmcls - INFO - Epoch(val) [85][18]	accuracy_top-1: 95.9790, accuracy_top-5: 100.0000
2023-02-07 17:22:59,092 - mmcls - INFO - Saving checkpoint at 86 epochs
2023-02-07 17:23:00,044 - mmcls - INFO - Epoch(val) [86][18]	accuracy_top-1: 95.6294, accuracy_top-5: 100.0000
2023-02-07 17:23:05,455 - mmcls - INFO - Saving checkpoint at 87 epochs
2023-02-07 17:23:06,415 - mmcls - INFO - Epoch(val) [87][18]	accuracy_top-1: 95.4545, accuracy_top-5: 100.0000
2023-02-07 17:23:11,820 - mmcls - INFO - Saving checkpoint at 88 epochs
2023-02-07 17:23:12,772 - mmcls - INFO - Epoch(val) [88][18]	accuracy_top-1: 94.9301, accuracy_top-5: 100.0000
2023-02-07 17:23:18,180 - mmcls - INFO - Saving checkpoint at 89 epochs
2023-02-07 17:23:19,142 - mmcls - INFO - Epoch(val) [89][18]	accuracy_top-1: 96.1538, accuracy_top-5: 100.0000
2023-02-07 17:23:24,603 - mmcls - INFO - Saving checkpoint at 90 epochs
2023-02-07 17:23:25,564 - mmcls - INFO - Epoch(val) [90][18]	accuracy_top-1: 95.1049, accuracy_top-5: 100.0000
2023-02-07 17:23:30,961 - mmcls - INFO - Saving checkpoint at 91 epochs
2023-02-07 17:23:31,919 - mmcls - INFO - Epoch(val) [91][18]	accuracy_top-1: 96.5035, accuracy_top-5: 100.0000
2023-02-07 17:23:37,319 - mmcls - INFO - Saving checkpoint at 92 epochs
2023-02-07 17:23:38,278 - mmcls - INFO - Epoch(val) [92][18]	accuracy_top-1: 95.9790, accuracy_top-5: 100.0000
2023-02-07 17:23:43,689 - mmcls - INFO - Saving checkpoint at 93 epochs
2023-02-07 17:23:44,635 - mmcls - INFO - Epoch(val) [93][18]	accuracy_top-1: 95.4545, accuracy_top-5: 100.0000
2023-02-07 17:23:50,074 - mmcls - INFO - Saving checkpoint at 94 epochs
2023-02-07 17:23:51,037 - mmcls - INFO - Epoch(val) [94][18]	accuracy_top-1: 95.4545, accuracy_top-5: 100.0000
2023-02-07 17:23:56,426 - mmcls - INFO - Saving checkpoint at 95 epochs
2023-02-07 17:23:57,396 - mmcls - INFO - Epoch(val) [95][18]	accuracy_top-1: 96.3287, accuracy_top-5: 100.0000
2023-02-07 17:24:02,788 - mmcls - INFO - Saving checkpoint at 96 epochs
2023-02-07 17:24:03,740 - mmcls - INFO - Epoch(val) [96][18]	accuracy_top-1: 95.8042, accuracy_top-5: 100.0000
2023-02-07 17:24:09,138 - mmcls - INFO - Saving checkpoint at 97 epochs
2023-02-07 17:24:10,097 - mmcls - INFO - Epoch(val) [97][18]	accuracy_top-1: 95.6294, accuracy_top-5: 100.0000
2023-02-07 17:24:15,472 - mmcls - INFO - Saving checkpoint at 98 epochs
2023-02-07 17:24:16,435 - mmcls - INFO - Epoch(val) [98][18]	accuracy_top-1: 96.3287, accuracy_top-5: 100.0000
2023-02-07 17:24:21,847 - mmcls - INFO - Saving checkpoint at 99 epochs
2023-02-07 17:24:22,805 - mmcls - INFO - Epoch(val) [99][18]	accuracy_top-1: 95.6294, accuracy_top-5: 100.0000
2023-02-07 17:24:28,183 - mmcls - INFO - Saving checkpoint at 100 epochs
2023-02-07 17:24:29,149 - mmcls - INFO - Epoch(val) [100][18]	accuracy_top-1: 95.9790, accuracy_top-5: 100.0000
